Build started 29/11/2016 21:54:13.
     1>Project "D:\Documents\cours\carleton\CG\tutorials\project\lavaFlowBis\complex_object\complex_object.vcxproj" on node 2 (Build target(s)).
     1>C:\Program Files (x86)\MSBuild\Microsoft.Cpp\v4.0\V120\Microsoft.CppBuild.targets(381,5): warning MSB8028: The intermediate directory (Debug\) contains files shared from another project (complex_object.vcxproj, lavaFlawBis.vcxproj).  This can lead to incorrect clean and rebuild behavior.
     1>ClCompile:
         C:\Program Files (x86)\Microsoft Visual Studio 12.0\VC\bin\CL.exe /c /ZI /nologo /W3 /WX- /sdl /Od /Oy- /D WIN32 /D _DEBUG /D _CONSOLE /D _LIB /D _CRT_SECURE_NO_WARNINGS /Gm /EHsc /RTC1 /MDd /GS /fp:precise /Zc:wchar_t /Zc:forScope /Fo"Debug\\" /Fd"Debug\vc120.pdb" /Gd /TP /analyze- /errorReport:prompt Solution.cpp
         Solution.cpp
     1>d:\documents\cours\carleton\cg\tutorials\project\lavaflowbis\complex_object\solution.h(106): warning C4305: 'argument' : truncation from 'double' to 'float'
     1>d:\documents\cours\carleton\cg\tutorials\project\lavaflowbis\complex_object\solution.cpp(361): warning C4305: 'initializing' : truncation from 'double' to 'float'
     1>d:\documents\cours\carleton\cg\tutorials\project\lavaflowbis\complex_object\solution.cpp(505): warning C4244: 'argument' : conversion from 'double' to 'float', possible loss of data
     1>d:\documents\cours\carleton\cg\tutorials\project\lavaflowbis\complex_object\solution.cpp(508): warning C4244: 'argument' : conversion from 'double' to 'float', possible loss of data
     1>d:\documents\cours\carleton\cg\tutorials\project\lavaflowbis\complex_object\solution.cpp(512): warning C4244: 'argument' : conversion from 'double' to 'float', possible loss of data
     1>d:\documents\cours\carleton\cg\tutorials\project\lavaflowbis\complex_object\solution.cpp(515): warning C4244: 'argument' : conversion from 'double' to 'float', possible loss of data
     1>d:\documents\cours\carleton\cg\tutorials\project\lavaflowbis\complex_object\solution.cpp(525): warning C4244: 'argument' : conversion from 'double' to 'float', possible loss of data
     1>d:\documents\cours\carleton\cg\tutorials\project\lavaflowbis\complex_object\solution.cpp(528): warning C4244: 'argument' : conversion from 'double' to 'float', possible loss of data
     1>d:\documents\cours\carleton\cg\tutorials\project\lavaflowbis\complex_object\solution.cpp(493): warning C4101: 'dy' : unreferenced local variable
     1>d:\documents\cours\carleton\cg\tutorials\project\lavaflowbis\complex_object\solution.cpp(493): warning C4101: 'dx' : unreferenced local variable
       Link:
         C:\Program Files (x86)\Microsoft Visual Studio 12.0\VC\bin\link.exe /ERRORREPORT:PROMPT /OUT:"D:\Documents\cours\carleton\CG\tutorials\project\lavaFlowBis\Debug\lavaFlowBis.exe" /INCREMENTAL /NOLOGO /LIBPATH:..\..\GL\lib freeglut.lib glew32.lib SOIL.lib kernel32.lib user32.lib gdi32.lib winspool.lib comdlg32.lib advapi32.lib shell32.lib ole32.lib oleaut32.lib uuid.lib odbc32.lib odbccp32.lib /MANIFEST /MANIFESTUAC:"level='asInvoker' uiAccess='false'" /manifest:embed /DEBUG /PDB:"D:\Documents\cours\carleton\CG\tutorials\project\lavaFlowBis\Debug\lavaFlowBis.pdb" /SUBSYSTEM:CONSOLE /TLBID:1 /DYNAMICBASE /NXCOMPAT /IMPLIB:"D:\Documents\cours\carleton\CG\tutorials\project\lavaFlowBis\Debug\lavaFlowBis.lib" /MACHINE:X86 Debug\camera.obj
         Debug\complex_object.obj
         Debug\cylinder.obj
         Debug\graphicsObject.obj
         Debug\Shader.obj
         Debug\SkyBox.obj
         Debug\Solution.obj
         Debug\sphere.obj
         Debug\surface.obj
         Debug\Texture.obj
         complex_object.vcxproj -> D:\Documents\cours\carleton\CG\tutorials\project\lavaFlowBis\Debug\lavaFlowBis.exe
     1>Done Building Project "D:\Documents\cours\carleton\CG\tutorials\project\lavaFlowBis\complex_object\complex_object.vcxproj" (Build target(s)).

Build succeeded.

Time Elapsed 00:00:02.33
